#
# There is insufficient memory for the Java Runtime Environment to continue.
# Native memory allocation (malloc) failed to allocate 368016 bytes for Chunk::new
# Possible reasons:
#   The system is out of physical RAM or swap space
#   In 32 bit mode, the process size limit was hit
# Possible solutions:
#   Reduce memory load on the system
#   Increase physical memory or swap space
#   Check if swap backing store is full
#   Use 64 bit Java on a 64 bit OS
#   Decrease Java heap size (-Xmx/-Xms)
#   Decrease number of Java threads
#   Decrease Java thread stack sizes (-Xss)
#   Set larger code cache with -XX:ReservedCodeCacheSize=
# This output file may be truncated or incomplete.
#
#  Out of Memory Error (allocation.cpp:390), pid=9048, tid=0x0000000000003478
#
# JRE version: Java(TM) SE Runtime Environment (8.0_172-b11) (build 1.8.0_172-b11)
# Java VM: Java HotSpot(TM) 64-Bit Server VM (25.172-b11 mixed mode windows-amd64 compressed oops)
# Failed to write core dump. Minidumps are not enabled by default on client versions of Windows
#

---------------  T H R E A D  ---------------

Current thread (0x000000001e762000):  JavaThread "C2 CompilerThread0" daemon [_thread_in_native, id=13432, stack(0x000000001ffb0000,0x00000000200b0000)]

Stack: [0x000000001ffb0000,0x00000000200b0000]
[error occurred during error reporting (printing stack bounds), id 0xc0000005]

Native frames: (J=compiled Java code, j=interpreted, Vv=VM code, C=native code)


Current CompileTask:
C2:  50579 7899       4       org.springframework.security.web.util.OnCommittedResponseWrapper$SaveContextPrintWriter::write (17 bytes)


---------------  P R O C E S S  ---------------

Java Threads: ( => current thread )
  0x0000000027084800 JavaThread "DestroyJavaVM" [_thread_blocked, id=2152, stack(0x00000000030c0000,0x00000000031c0000)]
  0x0000000027088000 JavaThread "http-nio-8080-AsyncTimeout" daemon [_thread_blocked, id=13920, stack(0x000000002e5c0000,0x000000002e6c0000)]
  0x000000002708b000 JavaThread "http-nio-8080-Acceptor-0" daemon [_thread_in_native, id=8880, stack(0x000000002e4c0000,0x000000002e5c0000)]
  0x0000000027083800 JavaThread "http-nio-8080-ClientPoller-1" daemon [_thread_in_native, id=8344, stack(0x000000002e3c0000,0x000000002e4c0000)]
  0x0000000027087800 JavaThread "http-nio-8080-ClientPoller-0" daemon [_thread_in_native, id=13028, stack(0x000000002e2c0000,0x000000002e3c0000)]
  0x0000000027086800 JavaThread "http-nio-8080-exec-10" daemon [_thread_blocked, id=1244, stack(0x000000002e1c0000,0x000000002e2c0000)]
  0x000000002708a800 JavaThread "http-nio-8080-exec-9" daemon [_thread_blocked, id=15912, stack(0x000000002e0c0000,0x000000002e1c0000)]
  0x0000000027089800 JavaThread "http-nio-8080-exec-8" daemon [_thread_blocked, id=10608, stack(0x000000002dfc0000,0x000000002e0c0000)]
  0x0000000027085000 JavaThread "http-nio-8080-exec-7" daemon [_thread_blocked, id=3104, stack(0x000000002dec0000,0x000000002dfc0000)]
  0x0000000027089000 JavaThread "http-nio-8080-exec-6" daemon [_thread_blocked, id=13344, stack(0x000000002ddc0000,0x000000002dec0000)]
  0x0000000027086000 JavaThread "http-nio-8080-exec-5" daemon [_thread_blocked, id=5380, stack(0x000000002dcc0000,0x000000002ddc0000)]
  0x0000000023647000 JavaThread "http-nio-8080-exec-4" daemon [_thread_blocked, id=3712, stack(0x000000002dbc0000,0x000000002dcc0000)]
  0x0000000023646800 JavaThread "http-nio-8080-exec-3" daemon [_thread_blocked, id=15160, stack(0x000000002dac0000,0x000000002dbc0000)]
  0x0000000023645800 JavaThread "http-nio-8080-exec-2" daemon [_thread_blocked, id=15460, stack(0x000000002d9c0000,0x000000002dac0000)]
  0x0000000023643800 JavaThread "http-nio-8080-exec-1" daemon [_thread_blocked, id=6288, stack(0x000000002d8c0000,0x000000002d9c0000)]
  0x0000000023645000 JavaThread "NioBlockingSelector.BlockPoller-1" daemon [_thread_in_native, id=16144, stack(0x000000002d7c0000,0x000000002d8c0000)]
  0x0000000023644000 JavaThread "FeignApacheHttpClientConfiguration.connectionManagerTimer" daemon [_thread_blocked, id=12936, stack(0x000000002d4f0000,0x000000002d5f0000)]
  0x0000000023642800 JavaThread "spring.cloud.inetutils" daemon [_thread_blocked, id=14492, stack(0x000000002d1f0000,0x000000002d2f0000)]
  0x0000000023642000 JavaThread "Live Reload Server" daemon [_thread_in_native, id=6416, stack(0x000000002cfa0000,0x000000002d0a0000)]
  0x0000000023648000 JavaThread "File Watcher" daemon [_thread_blocked, id=4940, stack(0x000000002b990000,0x000000002ba90000)]
  0x000000002119f800 JavaThread "HikariPool-1 housekeeper" daemon [_thread_blocked, id=972, stack(0x0000000028a30000,0x0000000028b30000)]
  0x000000002119b000 JavaThread "MVStore background writer nio:C:/Users/wisha/db/test.mv.db" daemon [_thread_blocked, id=12596, stack(0x0000000028730000,0x0000000028830000)]
  0x000000002119e000 JavaThread "container-0" [_thread_blocked, id=8584, stack(0x0000000028330000,0x0000000028430000)]
  0x000000002119a000 JavaThread "ContainerBackgroundProcessor[StandardEngine[Tomcat]]" daemon [_thread_blocked, id=12928, stack(0x0000000028230000,0x0000000028330000)]
  0x000000001e7f8800 JavaThread "Service Thread" daemon [_thread_blocked, id=5124, stack(0x00000000203b0000,0x00000000204b0000)]
  0x000000001e770000 JavaThread "C1 CompilerThread3" daemon [_thread_blocked, id=11336, stack(0x00000000202b0000,0x00000000203b0000)]
  0x000000001e766000 JavaThread "C2 CompilerThread2" daemon [_thread_blocked, id=8356, stack(0x00000000201b0000,0x00000000202b0000)]
  0x000000001e765000 JavaThread "C2 CompilerThread1" daemon [_thread_blocked, id=15744, stack(0x00000000200b0000,0x00000000201b0000)]
=>0x000000001e762000 JavaThread "C2 CompilerThread0" daemon [_thread_in_native, id=13432, stack(0x000000001ffb0000,0x00000000200b0000)]
  0x000000001e753800 JavaThread "JDWP Command Reader" daemon [_thread_in_native, id=12824, stack(0x000000001feb0000,0x000000001ffb0000)]
  0x000000001e74f000 JavaThread "JDWP Event Helper Thread" daemon [_thread_blocked, id=10968, stack(0x000000001fdb0000,0x000000001feb0000)]
  0x000000001e741800 JavaThread "JDWP Transport Listener: dt_socket" daemon [_thread_blocked, id=15416, stack(0x000000001fcb0000,0x000000001fdb0000)]
  0x000000001e730800 JavaThread "Attach Listener" daemon [_thread_blocked, id=10456, stack(0x000000001fbb0000,0x000000001fcb0000)]
  0x000000001e72f000 JavaThread "Signal Dispatcher" daemon [_thread_blocked, id=6056, stack(0x000000001fab0000,0x000000001fbb0000)]
  0x000000001cfcc000 JavaThread "Finalizer" daemon [_thread_blocked, id=13184, stack(0x000000001f920000,0x000000001fa20000)]
  0x000000001cfc5800 JavaThread "Reference Handler" daemon [_thread_blocked, id=8548, stack(0x000000001f820000,0x000000001f920000)]

Other Threads:
  0x000000001cfba800 VMThread [stack: 0x000000001f720000,0x000000001f820000] [id=14456]
  0x000000001e894800 WatcherThread [stack: 0x00000000204b0000,0x00000000205b0000] [id=10440]

VM state:not at safepoint (normal execution)

VM Mutex/Monitor currently owned by a thread: None

Heap:
 PSYoungGen      total 394752K, used 298066K [0x000000076af00000, 0x0000000785f80000, 0x00000007c0000000)
  eden space 376320K, 74% used [0x000000076af00000,0x000000077c0157a0,0x0000000781e80000)
  from space 18432K, 99% used [0x0000000784d80000,0x0000000785f7f1b8,0x0000000785f80000)
  to   space 24064K, 0% used [0x0000000783080000,0x0000000783080000,0x0000000784800000)
 ParOldGen       total 226816K, used 43224K [0x00000006c0c00000, 0x00000006ce980000, 0x000000076af00000)
  object space 226816K, 19% used [0x00000006c0c00000,0x00000006c3636198,0x00000006ce980000)
 Metaspace       used 76457K, capacity 79762K, committed 79960K, reserved 1118208K
  class space    used 9902K, capacity 10562K, committed 10624K, reserved 1048576K

Card table byte_map: [0x0000000012680000,0x0000000012e80000] byte_map_base: 0x000000000f07a000

Marking Bits: (ParMarkBitMap*) 0x00000000541e3c10
 Begin Bits: [0x0000000013de0000, 0x0000000017db0000)
 End Bits:   [0x0000000017db0000, 0x000000001bd80000)

Polling page: 0x00000000012f0000

CodeCache: size=245760Kb used=26998Kb max_used=27035Kb free=218761Kb
 bounds [0x00000000032c0000, 0x0000000004d50000, 0x00000000122c0000]
 total_blobs=7438 nmethods=6577 adapters=781
 compilation: enabled

Compilation events (10 events):
Event: 50.569 Thread 0x000000001e770000 7896       3       org.thymeleaf.engine.ElementTagStructureHandler::applyContextModifications (120 bytes)
Event: 50.569 Thread 0x000000001e770000 nmethod 7896 0x000000000341bd90 code [0x000000000341bfa0, 0x000000000341ca78]
Event: 50.570 Thread 0x000000001e770000 7894       3       org.unbescape.html.HtmlEscape::unescapeHtml (22 bytes)
Event: 50.570 Thread 0x000000001e770000 nmethod 7894 0x0000000003b4fc90 code [0x0000000003b4fe20, 0x0000000003b501d8]
Event: 50.571 Thread 0x000000001e770000 7892       3       org.springframework.expression.TypedValue::<init> (15 bytes)
Event: 50.571 Thread 0x000000001e770000 nmethod 7892 0x0000000003815cd0 code [0x0000000003815e20, 0x0000000003816010]
Event: 50.571 Thread 0x000000001e770000 7884   !   3       groovy.lang.MetaClassImpl::getProperty (396 bytes)
Event: 50.574 Thread 0x000000001e770000 nmethod 7884 0x00000000038a1b90 code [0x00000000038a2120, 0x00000000038a65d8]
Event: 50.574 Thread 0x000000001e770000 7890       3       sun.reflect.ClassFileAssembler::setMaxLocals (6 bytes)
Event: 50.574 Thread 0x000000001e770000 nmethod 7890 0x000000000352a9d0 code [0x000000000352ab20, 0x000000000352ac70]

GC Heap History (10 events):
Event: 2.984 GC heap before
{Heap before GC invocations=9 (full 2):
 PSYoungGen      total 224256K, used 15255K [0x000000076af00000, 0x0000000780b80000, 0x00000007c0000000)
  eden space 208896K, 0% used [0x000000076af00000,0x000000076af00000,0x0000000777b00000)
  from space 15360K, 99% used [0x0000000777b00000,0x00000007789e5fe0,0x0000000778a00000)
  to   space 17408K, 0% used [0x000000077fa80000,0x000000077fa80000,0x0000000780b80000)
 ParOldGen       total 95744K, used 9385K [0x00000006c0c00000, 0x00000006c6980000, 0x000000076af00000)
  object space 95744K, 9% used [0x00000006c0c00000,0x00000006c152a658,0x00000006c6980000)
 Metaspace       used 34024K, capacity 35336K, committed 35416K, reserved 1079296K
  class space    used 4376K, capacity 4672K, committed 4736K, reserved 1048576K
Event: 3.023 GC heap after
Heap after GC invocations=9 (full 2):
 PSYoungGen      total 224256K, used 0K [0x000000076af00000, 0x0000000780b80000, 0x00000007c0000000)
  eden space 208896K, 0% used [0x000000076af00000,0x000000076af00000,0x0000000777b00000)
  from space 15360K, 0% used [0x0000000777b00000,0x0000000777b00000,0x0000000778a00000)
  to   space 17408K, 0% used [0x000000077fa80000,0x000000077fa80000,0x0000000780b80000)
 ParOldGen       total 150016K, used 20346K [0x00000006c0c00000, 0x00000006c9e80000, 0x000000076af00000)
  object space 150016K, 13% used [0x00000006c0c00000,0x00000006c1fde8b0,0x00000006c9e80000)
 Metaspace       used 34024K, capacity 35336K, committed 35416K, reserved 1079296K
  class space    used 4376K, capacity 4672K, committed 4736K, reserved 1048576K
}
Event: 3.889 GC heap before
{Heap before GC invocations=10 (full 2):
 PSYoungGen      total 224256K, used 208896K [0x000000076af00000, 0x0000000780b80000, 0x00000007c0000000)
  eden space 208896K, 100% used [0x000000076af00000,0x0000000777b00000,0x0000000777b00000)
  from space 15360K, 0% used [0x0000000777b00000,0x0000000777b00000,0x0000000778a00000)
  to   space 17408K, 0% used [0x000000077fa80000,0x000000077fa80000,0x0000000780b80000)
 ParOldGen       total 150016K, used 20346K [0x00000006c0c00000, 0x00000006c9e80000, 0x000000076af00000)
  object space 150016K, 13% used [0x00000006c0c00000,0x00000006c1fde8b0,0x00000006c9e80000)
 Metaspace       used 38889K, capacity 40566K, committed 40920K, reserved 1085440K
  class space    used 4961K, capacity 5295K, committed 5376K, reserved 1048576K
Event: 3.896 GC heap after
Heap after GC invocations=10 (full 2):
 PSYoungGen      total 324096K, used 9808K [0x000000076af00000, 0x0000000780480000, 0x00000007c0000000)
  eden space 313856K, 0% used [0x000000076af00000,0x000000076af00000,0x000000077e180000)
  from space 10240K, 95% used [0x000000077fa80000,0x0000000780414320,0x0000000780480000)
  to   space 16896K, 0% used [0x000000077e380000,0x000000077e380000,0x000000077f400000)
 ParOldGen       total 150016K, used 20354K [0x00000006c0c00000, 0x00000006c9e80000, 0x000000076af00000)
  object space 150016K, 13% used [0x00000006c0c00000,0x00000006c1fe08b0,0x00000006c9e80000)
 Metaspace       used 38889K, capacity 40566K, committed 40920K, reserved 1085440K
  class space    used 4961K, capacity 5295K, committed 5376K, reserved 1048576K
}
Event: 5.411 GC heap before
{Heap before GC invocations=11 (full 2):
 PSYoungGen      total 324096K, used 241814K [0x000000076af00000, 0x0000000780480000, 0x00000007c0000000)
  eden space 313856K, 73% used [0x000000076af00000,0x0000000779191780,0x000000077e180000)
  from space 10240K, 95% used [0x000000077fa80000,0x0000000780414320,0x0000000780480000)
  to   space 16896K, 0% used [0x000000077e380000,0x000000077e380000,0x000000077f400000)
 ParOldGen       total 150016K, used 20354K [0x00000006c0c00000, 0x00000006c9e80000, 0x000000076af00000)
  object space 150016K, 13% used [0x00000006c0c00000,0x00000006c1fe08b0,0x00000006c9e80000)
 Metaspace       used 56738K, capacity 58896K, committed 58968K, reserved 1099776K
  class space    used 7411K, capacity 7796K, committed 7808K, reserved 1048576K
Event: 5.425 GC heap after
Heap after GC invocations=11 (full 2):
 PSYoungGen      total 332800K, used 16869K [0x000000076af00000, 0x0000000786380000, 0x00000007c0000000)
  eden space 315904K, 0% used [0x000000076af00000,0x000000076af00000,0x000000077e380000)
  from space 16896K, 99% used [0x000000077e380000,0x000000077f3f9658,0x000000077f400000)
  to   space 22528K, 0% used [0x0000000784d80000,0x0000000784d80000,0x0000000786380000)
 ParOldGen       total 150016K, used 29697K [0x00000006c0c00000, 0x00000006c9e80000, 0x000000076af00000)
  object space 150016K, 19% used [0x00000006c0c00000,0x00000006c2900418,0x00000006c9e80000)
 Metaspace       used 56738K, capacity 58896K, committed 58968K, reserved 1099776K
  class space    used 7411K, capacity 7796K, committed 7808K, reserved 1048576K
}
Event: 5.426 GC heap before
{Heap before GC invocations=12 (full 3):
 PSYoungGen      total 332800K, used 16869K [0x000000076af00000, 0x0000000786380000, 0x00000007c0000000)
  eden space 315904K, 0% used [0x000000076af00000,0x000000076af00000,0x000000077e380000)
  from space 16896K, 99% used [0x000000077e380000,0x000000077f3f9658,0x000000077f400000)
  to   space 22528K, 0% used [0x0000000784d80000,0x0000000784d80000,0x0000000786380000)
 ParOldGen       total 150016K, used 29697K [0x00000006c0c00000, 0x00000006c9e80000, 0x000000076af00000)
  object space 150016K, 19% used [0x00000006c0c00000,0x00000006c2900418,0x00000006c9e80000)
 Metaspace       used 56738K, capacity 58896K, committed 58968K, reserved 1099776K
  class space    used 7411K, capacity 7796K, committed 7808K, reserved 1048576K
Event: 5.576 GC heap after
Heap after GC invocations=12 (full 3):
 PSYoungGen      total 332800K, used 0K [0x000000076af00000, 0x0000000786380000, 0x00000007c0000000)
  eden space 315904K, 0% used [0x000000076af00000,0x000000076af00000,0x000000077e380000)
  from space 16896K, 0% used [0x000000077e380000,0x000000077e380000,0x000000077f400000)
  to   space 22528K, 0% used [0x0000000784d80000,0x0000000784d80000,0x0000000786380000)
 ParOldGen       total 226816K, used 43216K [0x00000006c0c00000, 0x00000006ce980000, 0x000000076af00000)
  object space 226816K, 19% used [0x00000006c0c00000,0x00000006c3634198,0x00000006ce980000)
 Metaspace       used 56738K, capacity 58896K, committed 58968K, reserved 1099776K
  class space    used 7411K, capacity 7796K, committed 7808K, reserved 1048576K
}
Event: 7.233 GC heap before
{Heap before GC invocations=13 (full 3):
 PSYoungGen      total 332800K, used 315904K [0x000000076af00000, 0x0000000786380000, 0x00000007c0000000)
  eden space 315904K, 100% used [0x000000076af00000,0x000000077e380000,0x000000077e380000)
  from space 16896K, 0% used [0x000000077e380000,0x000000077e380000,0x000000077f400000)
  to   space 22528K, 0% used [0x0000000784d80000,0x0000000784d80000,0x0000000786380000)
 ParOldGen       total 226816K, used 43216K [0x00000006c0c00000, 0x00000006ce980000, 0x000000076af00000)
  object space 226816K, 19% used [0x00000006c0c00000,0x00000006c3634198,0x00000006ce980000)
 Metaspace       used 65184K, capacity 67834K, committed 68056K, reserved 1107968K
  class space    used 8503K, capacity 8960K, committed 8960K, reserved 1048576K
Event: 7.249 GC heap after
Heap after GC invocations=13 (full 3):
 PSYoungGen      total 394752K, used 18428K [0x000000076af00000, 0x0000000785f80000, 0x00000007c0000000)
  eden space 376320K, 0% used [0x000000076af00000,0x000000076af00000,0x0000000781e80000)
  from space 18432K, 99% used [0x0000000784d80000,0x0000000785f7f1b8,0x0000000785f80000)
  to   space 24064K, 0% used [0x0000000783080000,0x0000000783080000,0x0000000784800000)
 ParOldGen       total 226816K, used 43224K [0x00000006c0c00000, 0x00000006ce980000, 0x000000076af00000)
  object space 226816K, 19% used [0x00000006c0c00000,0x00000006c3636198,0x00000006ce980000)
 Metaspace       used 65184K, capacity 67834K, committed 68056K, reserved 1107968K
  class space    used 8503K, capacity 8960K, committed 8960K, reserved 1048576K
}

Deoptimization events (10 events):
Event: 26.173 Thread 0x0000000027086800 Uncommon trap: reason=unstable_if action=reinterpret pc=0x0000000004ba27fc method=java.lang.String$CaseInsensitiveComparator.compare(Ljava/lang/String;Ljava/lang/String;)I @ 70
Event: 26.181 Thread 0x0000000027086800 Uncommon trap: reason=unstable_if action=reinterpret pc=0x0000000003557ab0 method=sun.nio.cs.UTF_8$Decoder.decodeArrayLoop(Ljava/nio/ByteBuffer;Ljava/nio/CharBuffer;)Ljava/nio/charset/CoderResult; @ 280
Event: 26.215 Thread 0x0000000027086800 Uncommon trap: reason=unstable_if action=reinterpret pc=0x00000000037ac72c method=org.springframework.security.web.util.OnCommittedResponseWrapper.checkContentLength(J)V @ 56
Event: 44.370 Thread 0x0000000023645800 Uncommon trap: reason=bimorphic action=maybe_recompile pc=0x000000000420edb8 method=java.util.Hashtable.addEntry(ILjava/lang/Object;Ljava/lang/Object;I)V @ 38
Event: 44.370 Thread 0x0000000023645800 Uncommon trap: reason=bimorphic action=maybe_recompile pc=0x00000000041f83dc method=java.util.Hashtable.addEntry(ILjava/lang/Object;Ljava/lang/Object;I)V @ 38
Event: 50.562 Thread 0x0000000023646800 Uncommon trap: reason=array_check action=maybe_recompile pc=0x0000000004c8cebc method=java.util.TimSort.binarySort([Ljava/lang/Object;IIILjava/util/Comparator;)V @ 183
Event: 50.563 Thread 0x0000000023646800 Uncommon trap: reason=array_check action=maybe_recompile pc=0x0000000004c8cebc method=java.util.TimSort.binarySort([Ljava/lang/Object;IIILjava/util/Comparator;)V @ 183
Event: 50.563 Thread 0x0000000023646800 Uncommon trap: reason=array_check action=maybe_recompile pc=0x0000000004c8cdf8 method=java.util.TimSort.binarySort([Ljava/lang/Object;IIILjava/util/Comparator;)V @ 193
Event: 50.563 Thread 0x0000000023646800 Uncommon trap: reason=array_check action=maybe_recompile pc=0x0000000004c8cebc method=java.util.TimSort.binarySort([Ljava/lang/Object;IIILjava/util/Comparator;)V @ 183
Event: 50.565 Thread 0x0000000023646800 Uncommon trap: reason=predicate action=maybe_recompile pc=0x00000000034c0154 method=java.util.Arrays.fill([Ljava/lang/Object;Ljava/lang/Object;)V @ 10

Classes redefined (0 events):
No events

Internal exceptions (10 events):
Event: 11.920 Thread 0x0000000023645800 Exception <a 'java/lang/ClassNotFoundException': java/util/Collections$UnmodifiableRandomAccessListCustomizer> (0x00000007778cebb0) thrown at [C:\re\workspace\8-2-build-windows-amd64-cygwin\jdk8u172\10810\hotspot\src\share\vm\classfile\systemDictionary.cp
Event: 11.926 Thread 0x0000000023645800 Exception <a 'java/lang/ClassNotFoundException': nz/net/ultraq/thymeleaf/models/ElementMergerBeanInfo> (0x0000000777977b18) thrown at [C:\re\workspace\8-2-build-windows-amd64-cygwin\jdk8u172\10810\hotspot\src\share\vm\classfile\systemDictionary.cpp, line 
Event: 11.928 Thread 0x0000000023645800 Exception <a 'java/lang/ClassNotFoundException': nz/net/ultraq/thymeleaf/models/ElementMergerCustomizer> (0x000000077799fbc0) thrown at [C:\re\workspace\8-2-build-windows-amd64-cygwin\jdk8u172\10810\hotspot\src\share\vm\classfile\systemDictionary.cpp, lin
Event: 13.621 Thread 0x0000000027086000 Implicit null exception at 0x0000000004b3fa8a to 0x0000000004b40045
Event: 13.621 Thread 0x0000000027086000 Implicit null exception at 0x000000000423bfc9 to 0x000000000423c8ad
Event: 18.883 Thread 0x0000000023645800 Exception <a 'java/lang/ClassNotFoundException': java/lang/ObjectCustomizer> (0x0000000779a66748) thrown at [C:\re\workspace\8-2-build-windows-amd64-cygwin\jdk8u172\10810\hotspot\src\share\vm\classfile\systemDictionary.cpp, line 210]
Event: 18.884 Thread 0x0000000023645800 Exception <a 'java/lang/ClassNotFoundException': com/leedh/garachico/entity/model/MemberCustomizer> (0x0000000779a920c8) thrown at [C:\re\workspace\8-2-build-windows-amd64-cygwin\jdk8u172\10810\hotspot\src\share\vm\classfile\systemDictionary.cpp, line 210
Event: 26.129 Thread 0x0000000027086800 Implicit null exception at 0x000000000381d018 to 0x000000000381d14d
Event: 26.185 Thread 0x0000000027086800 Exception <a 'java/lang/ClassNotFoundException': java/lang/ObjectCustomizer> (0x000000077b530078) thrown at [C:\re\workspace\8-2-build-windows-amd64-cygwin\jdk8u172\10810\hotspot\src\share\vm\classfile\systemDictionary.cpp, line 210]
Event: 26.186 Thread 0x0000000027086800 Exception <a 'java/lang/ClassNotFoundException': com/leedh/garachico/entity/model/SearchHistoryCustomizer> (0x000000077b55f410) thrown at [C:\re\workspace\8-2-build-windows-amd64-cygwin\jdk8u172\10810\hotspot\src\share\vm\classfile\systemDictionary.cpp, l

Events (10 events):
Event: 50.567 Thread 0x000000001e766000 flushing nmethod 0x000000000389fc90
Event: 50.568 Thread 0x000000001e766000 flushing nmethod 0x00000000039f3850
Event: 50.568 Thread 0x000000001e766000 flushing nmethod 0x00000000039f45d0
Event: 50.568 Thread 0x000000001e766000 flushing nmethod 0x00000000039f5790
Event: 50.569 Thread 0x000000001e770000 flushing nmethod 0x0000000003b4fb90
Event: 50.571 Thread 0x000000001e770000 flushing nmethod 0x0000000003ed4810
Event: 50.571 Thread 0x000000001e770000 flushing nmethod 0x0000000003f552d0
Event: 50.571 Thread 0x000000001e770000 flushing nmethod 0x0000000003f9e710
Event: 50.574 Thread 0x000000001e770000 flushing nmethod 0x00000000040845d0
Event: 50.575 Thread 0x000000001e770000 flushing nmethod 0x0000000004240f50


Dynamic libraries:
0x00007ff76c4c0000 - 0x00007ff76c4f7000 	C:\Program Files\Java\jdk1.8.0_172\bin\java.exe
0x00007ffaf5bb0000 - 0x00007ffaf5d91000 	C:\WINDOWS\SYSTEM32\ntdll.dll
0x00007ffaf4f30000 - 0x00007ffaf4fe2000 	C:\WINDOWS\System32\KERNEL32.DLL
0x00007ffaf24b0000 - 0x00007ffaf2723000 	C:\WINDOWS\System32\KERNELBASE.dll
0x00007ffaf5520000 - 0x00007ffaf55c1000 	C:\WINDOWS\System32\ADVAPI32.dll
0x00007ffaf55d0000 - 0x00007ffaf566e000 	C:\WINDOWS\System32\msvcrt.dll
0x00007ffaf5670000 - 0x00007ffaf56cb000 	C:\WINDOWS\System32\sechost.dll
0x00007ffaf3040000 - 0x00007ffaf3164000 	C:\WINDOWS\System32\RPCRT4.dll
0x00007ffaf59f0000 - 0x00007ffaf5b80000 	C:\WINDOWS\System32\USER32.dll
0x00007ffaf1f80000 - 0x00007ffaf1fa0000 	C:\WINDOWS\System32\win32u.dll
0x00007ffaf3a50000 - 0x00007ffaf3a78000 	C:\WINDOWS\System32\GDI32.dll
0x00007ffaf2290000 - 0x00007ffaf2422000 	C:\WINDOWS\System32\gdi32full.dll
0x00007ffaf2840000 - 0x00007ffaf28df000 	C:\WINDOWS\System32\msvcp_win.dll
0x00007ffaf1fa0000 - 0x00007ffaf209a000 	C:\WINDOWS\System32\ucrtbase.dll
0x00007ffae4b90000 - 0x00007ffae4df9000 	C:\WINDOWS\WinSxS\amd64_microsoft.windows.common-controls_6595b64144ccf1df_6.0.17134.165_none_fb429645306569ac\COMCTL32.dll
0x00007ffaf4ff0000 - 0x00007ffaf5313000 	C:\WINDOWS\System32\combase.dll
0x00007ffaf2430000 - 0x00007ffaf24aa000 	C:\WINDOWS\System32\bcryptPrimitives.dll
0x00007ffaf5730000 - 0x00007ffaf575d000 	C:\WINDOWS\System32\IMM32.DLL
0x0000000054270000 - 0x0000000054342000 	C:\Program Files\Java\jdk1.8.0_172\jre\bin\msvcr100.dll
0x00000000539c0000 - 0x0000000054263000 	C:\Program Files\Java\jdk1.8.0_172\jre\bin\server\jvm.dll
0x00007ffaf4ec0000 - 0x00007ffaf4ec8000 	C:\WINDOWS\System32\PSAPI.DLL
0x00007ffae26f0000 - 0x00007ffae26f9000 	C:\WINDOWS\SYSTEM32\WSOCK32.dll
0x00007ffae4510000 - 0x00007ffae4533000 	C:\WINDOWS\SYSTEM32\WINMM.dll
0x00007ffaef570000 - 0x00007ffaef57a000 	C:\WINDOWS\SYSTEM32\VERSION.dll
0x00007ffaf5330000 - 0x00007ffaf539c000 	C:\WINDOWS\System32\WS2_32.dll
0x00007ffae3fd0000 - 0x00007ffae3ffa000 	C:\WINDOWS\SYSTEM32\WINMMBASE.dll
0x00007ffaf2ff0000 - 0x00007ffaf3039000 	C:\WINDOWS\System32\cfgmgr32.dll
0x00000000539b0000 - 0x00000000539bf000 	C:\Program Files\Java\jdk1.8.0_172\jre\bin\verify.dll
0x0000000053980000 - 0x00000000539a9000 	C:\Program Files\Java\jdk1.8.0_172\jre\bin\java.dll
0x0000000053890000 - 0x00000000538c5000 	C:\Program Files\Java\jdk1.8.0_172\jre\bin\jdwp.dll
0x0000000053880000 - 0x0000000053888000 	C:\Program Files\Java\jdk1.8.0_172\jre\bin\npt.dll
0x0000000053960000 - 0x0000000053976000 	C:\Program Files\Java\jdk1.8.0_172\jre\bin\zip.dll
0x00007ffaf3a80000 - 0x00007ffaf4ec0000 	C:\WINDOWS\System32\SHELL32.dll
0x00007ffaf5760000 - 0x00007ffaf5809000 	C:\WINDOWS\System32\shcore.dll
0x00007ffaf28e0000 - 0x00007ffaf2fed000 	C:\WINDOWS\System32\windows.storage.dll
0x00007ffaf4ed0000 - 0x00007ffaf4f21000 	C:\WINDOWS\System32\shlwapi.dll
0x00007ffaf1ef0000 - 0x00007ffaf1f01000 	C:\WINDOWS\System32\kernel.appcore.dll
0x00007ffaf1f60000 - 0x00007ffaf1f7f000 	C:\WINDOWS\System32\profapi.dll
0x00007ffaf1f10000 - 0x00007ffaf1f5c000 	C:\WINDOWS\System32\powrprof.dll
0x00007ffaf1ee0000 - 0x00007ffaf1eea000 	C:\WINDOWS\System32\FLTLIB.DLL
0x0000000053870000 - 0x0000000053879000 	C:\Program Files\Java\jdk1.8.0_172\jre\bin\dt_socket.dll
0x00007ffaf1740000 - 0x00007ffaf17a6000 	C:\WINDOWS\system32\mswsock.dll
0x0000000053940000 - 0x000000005395a000 	C:\Program Files\Java\jdk1.8.0_172\jre\bin\net.dll
0x00007ffaf14c0000 - 0x00007ffaf14f8000 	C:\WINDOWS\SYSTEM32\IPHLPAPI.DLL
0x00007ffaf59e0000 - 0x00007ffaf59e8000 	C:\WINDOWS\System32\NSI.dll
0x00007ffaef880000 - 0x00007ffaef896000 	C:\WINDOWS\SYSTEM32\dhcpcsvc6.DLL
0x00007ffaef7a0000 - 0x00007ffaef7ba000 	C:\WINDOWS\SYSTEM32\dhcpcsvc.DLL
0x00007ffaf1500000 - 0x00007ffaf15be000 	C:\WINDOWS\SYSTEM32\DNSAPI.dll
0x00007ffaeb270000 - 0x00007ffaeb27a000 	C:\Windows\System32\rasadhlp.dll
0x00007ffaeb9a0000 - 0x00007ffaeba12000 	C:\WINDOWS\System32\fwpuclnt.dll
0x00007ffaf1a20000 - 0x00007ffaf1a45000 	C:\WINDOWS\SYSTEM32\bcrypt.dll
0x0000000053910000 - 0x000000005391d000 	C:\Program Files\Java\jdk1.8.0_172\jre\bin\management.dll
0x00007ffaca020000 - 0x00007ffaca036000 	C:\WINDOWS\system32\napinsp.dll
0x00007ffaca000000 - 0x00007ffaca01a000 	C:\WINDOWS\system32\pnrpnsp.dll
0x00007ffaef8b0000 - 0x00007ffaef8c9000 	C:\WINDOWS\system32\NLAapi.dll
0x00007ffae07e0000 - 0x00007ffae07ee000 	C:\WINDOWS\System32\winrnr.dll
0x0000000053920000 - 0x0000000053931000 	C:\Program Files\Java\jdk1.8.0_172\jre\bin\nio.dll
0x00007ffaf18f0000 - 0x00007ffaf1907000 	C:\WINDOWS\SYSTEM32\CRYPTSP.dll
0x00007ffaf1320000 - 0x00007ffaf1353000 	C:\WINDOWS\system32\rsaenh.dll
0x00007ffaf1dc0000 - 0x00007ffaf1de8000 	C:\WINDOWS\SYSTEM32\USERENV.dll
0x00007ffaf1910000 - 0x00007ffaf191b000 	C:\WINDOWS\SYSTEM32\CRYPTBASE.dll
0x00000000538e0000 - 0x0000000053904000 	C:\Program Files\Java\jdk1.8.0_172\jre\bin\sunec.dll
0x00000000538d0000 - 0x00000000538db000 	C:\Program Files\Java\jdk1.8.0_172\jre\bin\sunmscapi.dll
0x00007ffaf20a0000 - 0x00007ffaf2282000 	C:\WINDOWS\System32\CRYPT32.dll
0x00007ffaf1ec0000 - 0x00007ffaf1ed2000 	C:\WINDOWS\System32\MSASN1.dll

VM Arguments:
jvm_args: -agentlib:jdwp=transport=dt_socket,server=n,suspend=y,address=2330 -Dfile.encoding=UTF-8 -Duser.country=KR -Duser.language=ko -Duser.variant 
java_command: com.leedh.garachico.GarachicoApplication
java_class_path (initial): D:\java\garachico\src\main\resources;D:\java\garachico\build\classes\java\main;C:\Users\wisha\.gradle\caches\modules-2\files-2.1\org.springframework.boot\spring-boot-starter-data-jpa\2.0.3.RELEASE\56c909f49b5385793942158e143187ecc8c7b54a\spring-boot-starter-data-jpa-2.0.3.RELEASE.jar;C:\Users\wisha\.gradle\caches\modules-2\files-2.1\org.springframework.boot\spring-boot-starter-security\2.0.3.RELEASE\67de3ced1ebc68c7bbd9bc2ced390821fa682c2f\spring-boot-starter-security-2.0.3.RELEASE.jar;C:\Users\wisha\.gradle\caches\modules-2\files-2.1\org.springframework.boot\spring-boot-starter-thymeleaf\2.0.3.RELEASE\7a8cf11f5b7faa244e1979df491811bc0c858743\spring-boot-starter-thymeleaf-2.0.3.RELEASE.jar;C:\Users\wisha\.gradle\caches\modules-2\files-2.1\org.springframework.boot\spring-boot-starter-web\2.0.3.RELEASE\41fd4180bea3813de8f3c602b5a126218360315b\spring-boot-starter-web-2.0.3.RELEASE.jar;C:\Users\wisha\.gradle\caches\modules-2\files-2.1\org.springframework.cloud\spring-cloud-starter-openfeign\2.0.0.RELEASE\aaa058cbd5103da005fbb2a3d4ec3ce1d8ab56f\spring-cloud-starter-openfeign-2.0.0.RELEASE.jar;C:\Users\wisha\.gradle\caches\modules-2\files-2.1\org.springframework.session\spring-session-core\2.0.4.RELEASE\d3bc21842ebd3f1735661a467b718eb536b3b15f\spring-session-core-2.0.4.RELEASE.jar;C:\Users\wisha\.gradle\caches\modules-2\files-2.1\org.apache.commons\commons-lang3\3.0\8873bd0bb5cb9ee37f1b04578eb7e26fcdd44cb0\commons-lang3-3.0.jar;C:\Users\wisha\.gradle\caches\modules-2\files-2.1\com.google.code.gson\gson\2.8.5\f645ed69d595b24d4cf8b3fbb64cc505bede8829\gson-2.8.5.jar;C:\Users\wisha\.gradle\caches\modules-2\files-2.1\io.github.openfeign\feign-gson\9.7.0\e101621ad9bd6c9f121db2c7e3212a67fa3d368d\feign-gson-9.7.0.jar;C:\Users\wisha\.gradle\caches\modules-2\files-2.1\io.github.openfeign\feign-httpclient\9.7.0\99cacf4171a57feba6769b78c18d3e6a65153c25\feign-httpclient-9.7.0.jar;C:\Users\wisha\.gradle\caches\modules-2\files-2.1\io.github.openfeign\feign-s
Launcher Type: SUN_STANDARD

Environment Variables:
JAVA_HOME=C:\Program Files\Java\jdk1.8.0_172
PATH=C:\ProgramData\Oracle\Java\javapath;C:\ProgramData\Anaconda3;C:\ProgramData\Anaconda3\Library\mingw-w64\bin;C:\ProgramData\Anaconda3\Library\usr\bin;C:\ProgramData\Anaconda3\Library\bin;C:\ProgramData\Anaconda3\Scripts;C:\WINDOWS\system32;C:\WINDOWS;C:\WINDOWS\System32\Wbem;C:\WINDOWS\System32\WindowsPowerShell\v1.0\;C:\Program Files (x86)\NVIDIA Corporation\PhysX\Common;C:\WINDOWS\system32;C:\WINDOWS;C:\WINDOWS\System32\Wbem;C:\WINDOWS\System32\WindowsPowerShell\v1.0\;C:\Program Files\Git\cmd;C:\Program Files\nodejs\;C:\ProgramData\chocolatey\bin;;C:\WINDOWS\System32\OpenSSH\;C:\Program Files (x86)\Yarn\bin\;C:\Program Files\Microsoft VS Code\bin;C:\Users\wisha\AppData\Local\Microsoft\WindowsApps;C:\Program Files\Bandizip\;;C:\Program Files\Microsoft VS Code\bin;C:\Users\wisha\AppData\Roaming\npm;C:\Users\wisha\AppData\Local\Yarn\bin
USERNAME=wisha
OS=Windows_NT
PROCESSOR_IDENTIFIER=AMD64 Family 23 Model 1 Stepping 1, AuthenticAMD



---------------  S Y S T E M  ---------------

OS: Windows 10.0 , 64 bit Build 17134 (10.0.17134.1)

CPU:total 12 (initial active 12) (12 cores per cpu, 1 threads per core) family 23 model 1 stepping 1, cmov, cx8, fxsr, mmx, sse, sse2, sse3, ssse3, sse4.1, sse4.2, popcnt, avx, avx2, aes, clmul, mmxext, 3dnowpref, lzcnt, sse4a, tsc, tscinvbit, tscinv, bmi1

Memory: 4k page, physical 16727512k(6116160k free), swap 16727512k(4140k free)

vm_info: Java HotSpot(TM) 64-Bit Server VM (25.172-b11) for windows-amd64 JRE (1.8.0_172-b11), built on Mar 28 2018 21:21:52 by "java_re" with MS VC++ 10.0 (VS2010)

time: Sat Jul 14 11:56:00 2018
elapsed time: 50 seconds (0d 0h 0m 50s)

